---------- Date: 2015-05-18 11:01:55 ~ IP : ::1 ----------
REQUEST URI : /opencart/
MOD DETAILS:
   modFile   : C:\xampp\htdocs\opencart\vqmod/xml/vqmod_homepage.xml
   id        : Replace the css property in heading title in Home page
   version   : 1.0
   vqmver    : 2.X
   author    : Tuts+

File Name    : catalog/view/theme/default/template/common/home.tpl(0)
VQModObject::applyMod - SEARCH NOT FOUND (ABORTING MOD): <h1 style="display: none;">

----------------------------------------------------------------------


---------- Date: 2015-05-18 11:02:11 ~ IP : ::1 ----------
REQUEST URI : /opencart/
MOD DETAILS:
   modFile   : C:\xampp\htdocs\opencart\vqmod/xml/vqmod_homepage.xml
   id        : Replace the css property in heading title in Home page
   version   : 1.0
   vqmver    : 2.X
   author    : Tuts+

File Name    : catalog/view/theme/default/template/common/home.tpl(0)
VQModObject::applyMod - SEARCH NOT FOUND (ABORTING MOD): <h1 style="">dfgfdgdfg

----------------------------------------------------------------------


---------- Date: 2015-05-18 11:02:38 ~ IP : ::1 ----------
REQUEST URI : /opencart/
MOD DETAILS:
   modFile   : C:\xampp\htdocs\opencart\vqmod/xml/vqmod_homepage.xml
   id        : Replace the css property in heading title in Home page
   version   : 1.0
   vqmver    : 2.X
   author    : Tuts+

File Name    : catalog/view/theme/default/template/common/home.tpl(0)
VQModObject::applyMod - SEARCH NOT FOUND (ABORTING MOD): <h1 style="display: none;">

----------------------------------------------------------------------


---------- Date: 2015-05-18 11:02:52 ~ IP : ::1 ----------
REQUEST URI : /opencart/
MOD DETAILS:
   modFile   : C:\xampp\htdocs\opencart\vqmod/xml/vqmod_homepage.xml
   id        : Replace the css property in heading title in Home page
   version   : 1.0
   vqmver    : 2.X
   author    : Tuts+

File Name    : catalog/view/theme/default/template/common/home.tpl(0)
VQModObject::applyMod - SEARCH NOT FOUND (ABORTING MOD): <h1>sdfsdfsdf

----------------------------------------------------------------------


---------- Date: 2015-05-18 11:02:57 ~ IP : ::1 ----------
REQUEST URI : /opencart/
VQMod::_parseMods - INVALID XML FILE: : Document is empty in file:///C:/xampp/htdocs/opencart/vqmod/xml/vqmod_homepage.xml, line: 1
----------------------------------------------------------------------


---------- Date: 2015-05-18 11:03:01 ~ IP : ::1 ----------
REQUEST URI : /opencart/
MOD DETAILS:
   modFile   : C:\xampp\htdocs\opencart\vqmod/xml/vqmod_homepage.xml
   id        : Replace the css property in heading title in Home page
   version   : 1.0
   vqmver    : 2.X
   author    : Tuts+

File Name    : catalog/view/theme/default/template/common/home.tpl(0)
VQModObject::applyMod - SEARCH NOT FOUND (ABORTING MOD): <h1 style="display: none;">

----------------------------------------------------------------------


---------- Date: 2015-05-18 11:20:42 ~ IP : ::1 ----------
REQUEST URI : /opencart/
VQMod::_parseMods - INVALID XML FILE: : Document is empty in file:///C:/xampp/htdocs/opencart/vqmod/xml/vqmod_homepage.xml, line: 1
----------------------------------------------------------------------


