2015-05-19 6:55:41 - PHP Notice:  Error: Could not load template C:/xampp/htdocs/opencart/admin/view/template/shipping/bpost.tpl! in C:\xampp\htdocs\opencart\vqmod\vqcache\vq2-system_modification_system_engine_loader.php on line 45
2015-05-19 9:50:26 - PHP Notice:  Undefined index: ups_key in C:\xampp\htdocs\opencart\admin\controller\shipping\ups.php on line 792
2015-05-19 9:50:26 - PHP Notice:  Undefined index: ups_username in C:\xampp\htdocs\opencart\admin\controller\shipping\ups.php on line 796
2015-05-19 9:50:26 - PHP Notice:  Undefined index: ups_password in C:\xampp\htdocs\opencart\admin\controller\shipping\ups.php on line 800
2015-05-19 9:50:26 - PHP Notice:  Undefined index: ups_city in C:\xampp\htdocs\opencart\admin\controller\shipping\ups.php on line 804
2015-05-19 9:50:26 - PHP Notice:  Undefined index: ups_state in C:\xampp\htdocs\opencart\admin\controller\shipping\ups.php on line 808
2015-05-19 9:50:26 - PHP Notice:  Undefined index: ups_country in C:\xampp\htdocs\opencart\admin\controller\shipping\ups.php on line 812
2015-05-19 9:54:37 - PHP Notice:  Undefined index: ups_key in C:\xampp\htdocs\opencart\admin\controller\shipping\ups.php on line 792
2015-05-19 9:54:37 - PHP Notice:  Undefined index: ups_username in C:\xampp\htdocs\opencart\admin\controller\shipping\ups.php on line 796
2015-05-19 9:54:37 - PHP Notice:  Undefined index: ups_password in C:\xampp\htdocs\opencart\admin\controller\shipping\ups.php on line 800
2015-05-19 9:54:37 - PHP Notice:  Undefined index: ups_city in C:\xampp\htdocs\opencart\admin\controller\shipping\ups.php on line 804
2015-05-19 9:54:37 - PHP Notice:  Undefined index: ups_state in C:\xampp\htdocs\opencart\admin\controller\shipping\ups.php on line 808
2015-05-19 9:54:37 - PHP Notice:  Undefined index: ups_country in C:\xampp\htdocs\opencart\admin\controller\shipping\ups.php on line 812
2015-05-19 9:57:54 - PHP Notice:  Undefined variable: ups_status in C:\xampp\htdocs\opencart\admin\view\template\shipping\bpost.tpl on line 32
2015-05-19 9:58:01 - PHP Notice:  Undefined variable: ups_status in C:\xampp\htdocs\opencart\admin\view\template\shipping\bpost.tpl on line 32
2015-05-19 9:58:11 - PHP Notice:  Undefined variable: ups_status in C:\xampp\htdocs\opencart\admin\view\template\shipping\bpost.tpl on line 32
2015-05-19 10:00:02 - PHP Notice:  Error: Could not load model C:/xampp/htdocs/opencart/catalog/model/shipping/bpost.php! in C:\xampp\htdocs\opencart\vqmod\vqcache\vq2-system_modification_system_engine_loader.php on line 24
2015-05-19 10:05:48 - PHP Notice:  Error: Could not load model C:/xampp/htdocs/opencart/catalog/model/shipping/bpost.php! in C:\xampp\htdocs\opencart\vqmod\vqcache\vq2-system_modification_system_engine_loader.php on line 24
2015-05-19 10:32:06 - PHP Notice:  Undefined index: sort_order in C:\xampp\htdocs\opencart\catalog\controller\checkout\shipping_method.php on line 24
2015-05-19 10:32:06 - PHP Notice:  Undefined index: error in C:\xampp\htdocs\opencart\catalog\controller\checkout\shipping_method.php on line 25
